2025-09-20 13:31:07,653 - INFO - ========== Start Training for VP7 (ALL data, no folds) ==========
2025-09-20 13:31:31,973 - INFO - ========== Start Training for VP7 (ALL data, no folds) ==========
2025-09-20 13:44:28,813 - INFO - ✅ 最后一轮模型权重已保存到 output_8M_pretraining/VP7/final_run/best_model
2025-09-20 13:44:28,817 - INFO - 
[🔍 Test on VP7] Evaluate final model on test.csv
2025-09-20 13:44:30,943 - INFO - Macro F1-score: 0.9550
2025-09-20 13:44:30,943 - INFO - MCC: 0.9109
2025-09-20 13:44:30,943 - INFO - ROC-AUC (macro, OvR): 0.9918018244560802
2025-09-20 13:44:30,943 - INFO - PR-AUC  (macro): 0.9709962859414881
2025-09-20 13:44:30,944 - INFO - Confusion Matrix:
[[  39    0    5    0    0]
 [   0    9    0    0    0]
 [   7    0 1010    0    8]
 [   0    0    0    9    0]
 [   0    0   57    0  557]]
2025-09-20 13:44:30,948 - INFO - Classification Report:
              precision    recall  f1-score   support

     Bovidae       0.85      0.89      0.87        44
     Equidae       1.00      1.00      1.00         9
   Hominidae       0.94      0.99      0.96      1025
 Phasianidae       1.00      1.00      1.00         9
      Suidae       0.99      0.91      0.94       614

    accuracy                           0.95      1701
   macro avg       0.96      0.96      0.95      1701
weighted avg       0.96      0.95      0.95      1701

2025-09-20 13:44:30,949 - INFO - [Saved] Final test metrics saved to: output_8M_pretraining/VP7/test_f1_by_fold.csv
