2025-06-18 15:37:16,703 - INFO - ========== Start Training for VP4 ==========
2025-06-18 15:37:16,716 - INFO - ------ Fold 1 Training ------
2025-06-18 15:48:42,221 - INFO - ✅ 自定义模型权重已保存到 output_8M/VP4/fold1/best_model
2025-06-18 15:48:42,226 - INFO - ------ Fold 2 Training ------
2025-06-18 16:09:16,339 - INFO - ✅ 自定义模型权重已保存到 output_8M/VP4/fold2/best_model
2025-06-18 16:09:16,344 - INFO - ------ Fold 3 Training ------
2025-06-18 16:21:29,047 - INFO - ✅ 自定义模型权重已保存到 output_8M/VP4/fold3/best_model
2025-06-18 16:21:29,054 - INFO - ------ Fold 4 Training ------
2025-06-18 16:32:55,510 - INFO - ✅ 自定义模型权重已保存到 output_8M/VP4/fold4/best_model
2025-06-18 16:32:55,515 - INFO - ------ Fold 5 Training ------
2025-06-18 16:54:19,853 - INFO - ✅ 自定义模型权重已保存到 output_8M/VP4/fold5/best_model
2025-06-18 16:54:19,858 - INFO - [VP4] Best Fold F1: 0.9570449083723419
2025-06-18 16:54:19,862 - INFO - 
[🔍 Test on VP4] Start testing each best_model on test.csv
2025-06-18 16:54:19,862 - INFO - 
[Fold 1]
2025-06-18 16:54:23,669 - INFO - Macro F1-score: 0.9017
2025-06-18 16:54:23,670 - INFO - Confusion Matrix:
[[ 28   0   1   0   0]
 [  1   6   0   0   1]
 [  1   0 540   3   0]
 [  0   0   0   7   0]
 [  3   0  22   0 243]]
2025-06-18 16:54:23,671 - INFO - Classification Report:
              precision    recall  f1-score   support

     Bovidae       0.85      0.97      0.90        29
     Equidae       1.00      0.75      0.86         8
   Hominidae       0.96      0.99      0.98       544
 Phasianidae       0.70      1.00      0.82         7
      Suidae       1.00      0.91      0.95       268

    accuracy                           0.96       856
   macro avg       0.90      0.92      0.90       856
weighted avg       0.97      0.96      0.96       856

2025-06-18 16:54:23,671 - INFO - 
[Fold 2]
2025-06-18 16:54:27,422 - INFO - Macro F1-score: 0.9045
2025-06-18 16:54:27,422 - INFO - Confusion Matrix:
[[ 29   0   0   0   0]
 [  1   6   1   0   0]
 [  1   0 538   3   2]
 [  0   0   0   7   0]
 [  3   0  22   0 243]]
2025-06-18 16:54:27,424 - INFO - Classification Report:
              precision    recall  f1-score   support

     Bovidae       0.85      1.00      0.92        29
     Equidae       1.00      0.75      0.86         8
   Hominidae       0.96      0.99      0.97       544
 Phasianidae       0.70      1.00      0.82         7
      Suidae       0.99      0.91      0.95       268

    accuracy                           0.96       856
   macro avg       0.90      0.93      0.90       856
weighted avg       0.96      0.96      0.96       856

2025-06-18 16:54:27,424 - INFO - 
[Fold 3]
2025-06-18 16:54:31,178 - INFO - Macro F1-score: 0.8932
2025-06-18 16:54:31,178 - INFO - Confusion Matrix:
[[ 29   0   0   0   0]
 [  1   6   1   0   0]
 [  1   0 537   3   3]
 [  0   0   0   7   0]
 [  3   0  24   1 240]]
2025-06-18 16:54:31,180 - INFO - Classification Report:
              precision    recall  f1-score   support

     Bovidae       0.85      1.00      0.92        29
     Equidae       1.00      0.75      0.86         8
   Hominidae       0.96      0.99      0.97       544
 Phasianidae       0.64      1.00      0.78         7
      Suidae       0.99      0.90      0.94       268

    accuracy                           0.96       856
   macro avg       0.89      0.93      0.89       856
weighted avg       0.96      0.96      0.96       856

2025-06-18 16:54:31,180 - INFO - 
[Fold 4]
2025-06-18 16:54:34,930 - INFO - Macro F1-score: 0.9008
2025-06-18 16:54:34,931 - INFO - Confusion Matrix:
[[ 28   0   1   0   0]
 [  1   6   1   0   0]
 [  1   0 540   3   0]
 [  0   0   0   7   0]
 [  3   0  24   0 241]]
2025-06-18 16:54:34,933 - INFO - Classification Report:
              precision    recall  f1-score   support

     Bovidae       0.85      0.97      0.90        29
     Equidae       1.00      0.75      0.86         8
   Hominidae       0.95      0.99      0.97       544
 Phasianidae       0.70      1.00      0.82         7
      Suidae       1.00      0.90      0.95       268

    accuracy                           0.96       856
   macro avg       0.90      0.92      0.90       856
weighted avg       0.96      0.96      0.96       856

2025-06-18 16:54:34,933 - INFO - 
[Fold 5]
2025-06-18 16:54:38,706 - INFO - Macro F1-score: 0.9057
2025-06-18 16:54:38,707 - INFO - Confusion Matrix:
[[ 28   0   1   0   0]
 [  1   6   0   0   1]
 [  0   0 534   3   7]
 [  0   0   0   7   0]
 [  3   0  14   0 251]]
2025-06-18 16:54:38,709 - INFO - Classification Report:
              precision    recall  f1-score   support

     Bovidae       0.88      0.97      0.92        29
     Equidae       1.00      0.75      0.86         8
   Hominidae       0.97      0.98      0.98       544
 Phasianidae       0.70      1.00      0.82         7
      Suidae       0.97      0.94      0.95       268

    accuracy                           0.96       856
   macro avg       0.90      0.93      0.91       856
weighted avg       0.97      0.96      0.97       856

2025-06-18 16:54:38,709 - INFO - 
[Summary] VP4 5-Fold Test Macro F1 Mean: 0.9012
2025-06-18 16:54:38,709 - INFO - [Saved] Test F1 by fold saved to: output_8M/VP4/test_f1_by_fold.csv
2025-09-20 11:58:06,436 - INFO - ========== Start Training for VP4 ==========
2025-09-20 11:58:06,454 - INFO - 
[🔍 Test on VP4] Start testing each best_model on test.csv
2025-09-20 11:58:06,454 - INFO - 
[Fold 1]
2025-09-20 11:58:10,405 - INFO - Macro F1-score: 0.9017
2025-09-20 11:58:10,405 - INFO - MCC: 0.9252
2025-09-20 11:58:10,405 - INFO - ROC-AUC (macro, OvR): 0.993739160490535
2025-09-20 11:58:10,405 - INFO - PR-AUC  (macro): 0.916700915047721
2025-09-20 11:58:10,405 - INFO - Confusion Matrix:
[[ 28   0   1   0   0]
 [  1   6   0   0   1]
 [  1   0 540   3   0]
 [  0   0   0   7   0]
 [  3   0  22   0 243]]
2025-09-20 11:58:10,409 - INFO - Classification Report:
              precision    recall  f1-score   support

     Bovidae       0.85      0.97      0.90        29
     Equidae       1.00      0.75      0.86         8
   Hominidae       0.96      0.99      0.98       544
 Phasianidae       0.70      1.00      0.82         7
      Suidae       1.00      0.91      0.95       268

    accuracy                           0.96       856
   macro avg       0.90      0.92      0.90       856
weighted avg       0.97      0.96      0.96       856

2025-09-20 11:58:10,409 - INFO - 
[Fold 2]
2025-09-20 11:58:14,049 - INFO - Macro F1-score: 0.9045
2025-09-20 11:58:14,049 - INFO - MCC: 0.9228
2025-09-20 11:58:14,049 - INFO - ROC-AUC (macro, OvR): 0.9942923752383666
2025-09-20 11:58:14,049 - INFO - PR-AUC  (macro): 0.8946074678146841
2025-09-20 11:58:14,050 - INFO - Confusion Matrix:
[[ 29   0   0   0   0]
 [  1   6   1   0   0]
 [  1   0 538   3   2]
 [  0   0   0   7   0]
 [  3   0  22   0 243]]
2025-09-20 11:58:14,052 - INFO - Classification Report:
              precision    recall  f1-score   support

     Bovidae       0.85      1.00      0.92        29
     Equidae       1.00      0.75      0.86         8
   Hominidae       0.96      0.99      0.97       544
 Phasianidae       0.70      1.00      0.82         7
      Suidae       0.99      0.91      0.95       268

    accuracy                           0.96       856
   macro avg       0.90      0.93      0.90       856
weighted avg       0.96      0.96      0.96       856

2025-09-20 11:58:14,052 - INFO - 
[Fold 3]
2025-09-20 11:58:17,676 - INFO - Macro F1-score: 0.8932
2025-09-20 11:58:17,676 - INFO - MCC: 0.9135
2025-09-20 11:58:17,676 - INFO - ROC-AUC (macro, OvR): 0.9931632242242273
2025-09-20 11:58:17,676 - INFO - PR-AUC  (macro): 0.932669063119023
2025-09-20 11:58:17,676 - INFO - Confusion Matrix:
[[ 29   0   0   0   0]
 [  1   6   1   0   0]
 [  1   0 537   3   3]
 [  0   0   0   7   0]
 [  3   0  24   1 240]]
2025-09-20 11:58:17,678 - INFO - Classification Report:
              precision    recall  f1-score   support

     Bovidae       0.85      1.00      0.92        29
     Equidae       1.00      0.75      0.86         8
   Hominidae       0.96      0.99      0.97       544
 Phasianidae       0.64      1.00      0.78         7
      Suidae       0.99      0.90      0.94       268

    accuracy                           0.96       856
   macro avg       0.89      0.93      0.89       856
weighted avg       0.96      0.96      0.96       856

2025-09-20 11:58:17,678 - INFO - 
[Fold 4]
2025-09-20 11:58:21,315 - INFO - Macro F1-score: 0.9008
2025-09-20 11:58:21,315 - INFO - MCC: 0.9207
2025-09-20 11:58:21,315 - INFO - ROC-AUC (macro, OvR): 0.9933859155990931
2025-09-20 11:58:21,315 - INFO - PR-AUC  (macro): 0.8999376953119365
2025-09-20 11:58:21,316 - INFO - Confusion Matrix:
[[ 28   0   1   0   0]
 [  1   6   1   0   0]
 [  1   0 540   3   0]
 [  0   0   0   7   0]
 [  3   0  24   0 241]]
2025-09-20 11:58:21,317 - INFO - Classification Report:
              precision    recall  f1-score   support

     Bovidae       0.85      0.97      0.90        29
     Equidae       1.00      0.75      0.86         8
   Hominidae       0.95      0.99      0.97       544
 Phasianidae       0.70      1.00      0.82         7
      Suidae       1.00      0.90      0.95       268

    accuracy                           0.96       856
   macro avg       0.90      0.92      0.90       856
weighted avg       0.96      0.96      0.96       856

2025-09-20 11:58:21,317 - INFO - 
[Fold 5]
2025-09-20 11:58:24,945 - INFO - Macro F1-score: 0.9057
2025-09-20 11:58:24,945 - INFO - MCC: 0.9295
2025-09-20 11:58:24,945 - INFO - ROC-AUC (macro, OvR): 0.9946265851433272
2025-09-20 11:58:24,945 - INFO - PR-AUC  (macro): 0.930625756975002
2025-09-20 11:58:24,945 - INFO - Confusion Matrix:
[[ 28   0   1   0   0]
 [  1   6   0   0   1]
 [  0   0 534   3   7]
 [  0   0   0   7   0]
 [  3   0  14   0 251]]
2025-09-20 11:58:24,947 - INFO - Classification Report:
              precision    recall  f1-score   support

     Bovidae       0.88      0.97      0.92        29
     Equidae       1.00      0.75      0.86         8
   Hominidae       0.97      0.98      0.98       544
 Phasianidae       0.70      1.00      0.82         7
      Suidae       0.97      0.94      0.95       268

    accuracy                           0.96       856
   macro avg       0.90      0.93      0.91       856
weighted avg       0.97      0.96      0.97       856

2025-09-20 11:58:24,948 - INFO - [Saved] Test metrics by fold saved to: output_8M/VP4/test_f1_by_fold.csv
2025-09-20 11:58:24,949 - INFO - 
[Summary] VP4 5-Fold Test F1 Mean: 0.9012, MCC Mean: 0.9224, ROC-AUC Mean: 0.9938414521391097, PR-AUC Mean: 0.9149081796536734
